0 verbose cli /data/data/com.termux/files/usr/bin/node /data/data/com.termux/files/usr/bin/npm
1 info using npm@11.18.0
2 info using node@v26.3.1
3 silly config load:file:/data/data/com.termux/files/usr/lib/node_modules/npm/npmrc
4 silly config load:file:/data/data/com.termux/files/home/backend-haikou/.npmrc
5 silly config load:file:/data/data/com.termux/files/home/.npmrc
6 silly config load:file:/data/data/com.termux/files/usr/etc/npmrc
7 verbose title npm install express cors
8 verbose argv "install" "express" "cors" "--yes"
9 verbose logfile logs-max:10 dir:/data/data/com.termux/files/home/.npm/_logs/2026-06-30T12_42_03_090Z-
10 verbose logfile /data/data/com.termux/files/home/.npm/_logs/2026-06-30T12_42_03_090Z-debug-0.log
11 silly logfile done cleaning log files
12 silly packumentCache heap:1101004800 maxSize:275251200 maxEntrySize:137625600
13 silly idealTree buildDeps
14 silly fetch manifest express@*
15 silly packumentCache full:https://registry.npmjs.org/express cache-miss
16 http fetch GET 200 https://registry.npmjs.org/express 776ms (cache miss)
17 silly packumentCache full:https://registry.npmjs.org/express set size:undefined disposed:false
18 silly fetch manifest cors@*
19 silly packumentCache full:https://registry.npmjs.org/cors cache-miss
20 http fetch GET 200 https://registry.npmjs.org/cors 141ms (cache miss)
21 silly packumentCache full:https://registry.npmjs.org/cors set size:undefined disposed:false
22 silly placeDep ROOT cors@2.8.6 OK for: backend-haikou@1.0.0 want: *
23 silly placeDep ROOT express@5.2.1 OK for: backend-haikou@1.0.0 want: *
24 silly fetch manifest object-assign@^4
25 silly packumentCache full:https://registry.npmjs.org/object-assign cache-miss
26 silly fetch manifest vary@^1
27 silly packumentCache full:https://registry.npmjs.org/vary cache-miss
28 silly fetch manifest qs@^6.14.0
29 silly packumentCache full:https://registry.npmjs.org/qs cache-miss
30 silly fetch manifest depd@^2.0.0
31 silly packumentCache full:https://registry.npmjs.org/depd cache-miss
32 silly fetch manifest etag@^1.8.1
33 silly packumentCache full:https://registry.npmjs.org/etag cache-miss
34 silly fetch manifest once@^1.4.0
35 silly packumentCache full:https://registry.npmjs.org/once cache-miss
36 silly fetch manifest send@^1.1.0
37 silly packumentCache full:https://registry.npmjs.org/send cache-miss
38 http fetch GET 200 https://registry.npmjs.org/object-assign 512ms (cache miss)
39 silly packumentCache full:https://registry.npmjs.org/object-assign set size:undefined disposed:false
40 silly fetch manifest vary@^1.1.2
41 silly packumentCache full:https://registry.npmjs.org/vary cache-miss
42 http fetch GET 200 https://registry.npmjs.org/vary 630ms (cache miss)
43 silly packumentCache full:https://registry.npmjs.org/vary set size:undefined disposed:false
44 silly fetch manifest debug@^4.4.0
45 silly packumentCache full:https://registry.npmjs.org/debug cache-miss
46 http fetch GET 200 https://registry.npmjs.org/once 643ms (cache miss)
47 silly packumentCache full:https://registry.npmjs.org/once set size:undefined disposed:false
48 silly fetch manifest fresh@^2.0.0
49 silly packumentCache full:https://registry.npmjs.org/fresh cache-miss
50 http fetch GET 200 https://registry.npmjs.org/etag 673ms (cache miss)
51 silly packumentCache full:https://registry.npmjs.org/etag set size:undefined disposed:false
52 silly fetch manifest cookie@^0.7.1
53 silly packumentCache full:https://registry.npmjs.org/cookie cache-miss
54 http fetch GET 200 https://registry.npmjs.org/depd 750ms (cache miss)
55 silly packumentCache full:https://registry.npmjs.org/depd set size:undefined disposed:false
56 silly fetch manifest router@^2.2.0
57 silly packumentCache full:https://registry.npmjs.org/router cache-miss
58 http fetch GET 200 https://registry.npmjs.org/send 829ms (cache miss)
59 silly packumentCache full:https://registry.npmjs.org/send set size:undefined disposed:false
60 silly fetch manifest accepts@^2.0.0
61 silly packumentCache full:https://registry.npmjs.org/accepts cache-miss
62 http fetch GET 200 https://registry.npmjs.org/fresh 253ms (cache miss)
63 silly packumentCache full:https://registry.npmjs.org/fresh set size:undefined disposed:false
64 silly fetch manifest type-is@^2.0.1
65 silly packumentCache full:https://registry.npmjs.org/type-is cache-miss
66 http fetch GET 200 https://registry.npmjs.org/vary 472ms (cache miss)
67 silly packumentCache full:https://registry.npmjs.org/vary set size:undefined disposed:false
68 silly fetch manifest parseurl@^1.3.3
69 silly packumentCache full:https://registry.npmjs.org/parseurl cache-miss
70 http fetch GET 200 https://registry.npmjs.org/cookie 383ms (cache miss)
71 silly packumentCache full:https://registry.npmjs.org/cookie set size:undefined disposed:false
72 silly fetch manifest statuses@^2.0.1
73 silly packumentCache full:https://registry.npmjs.org/statuses cache-miss
74 http fetch GET 200 https://registry.npmjs.org/qs 1159ms (cache miss)
75 silly packumentCache full:https://registry.npmjs.org/qs set size:undefined disposed:false
76 silly fetch manifest encodeurl@^2.0.0
77 silly packumentCache full:https://registry.npmjs.org/encodeurl cache-miss
78 http fetch GET 200 https://registry.npmjs.org/debug 639ms (cache miss)
79 silly packumentCache full:https://registry.npmjs.org/debug set size:undefined disposed:false
80 silly fetch manifest mime-types@^3.0.0
81 silly packumentCache full:https://registry.npmjs.org/mime-types cache-miss
82 http fetch GET 200 https://registry.npmjs.org/accepts 440ms (cache miss)
83 silly packumentCache full:https://registry.npmjs.org/accepts set size:undefined disposed:false
84 silly fetch manifest proxy-addr@^2.0.7
85 silly packumentCache full:https://registry.npmjs.org/proxy-addr cache-miss
86 http fetch GET 200 https://registry.npmjs.org/parseurl 372ms (cache miss)
87 silly packumentCache full:https://registry.npmjs.org/parseurl set size:undefined disposed:false
88 silly fetch manifest body-parser@^2.2.1
89 silly packumentCache full:https://registry.npmjs.org/body-parser cache-miss
90 http fetch GET 200 https://registry.npmjs.org/type-is 499ms (cache miss)
91 silly packumentCache full:https://registry.npmjs.org/type-is set size:undefined disposed:false
92 silly fetch manifest escape-html@^1.0.3
93 silly packumentCache full:https://registry.npmjs.org/escape-html cache-miss
94 http fetch GET 200 https://registry.npmjs.org/statuses 392ms (cache miss)
95 silly packumentCache full:https://registry.npmjs.org/statuses set size:undefined disposed:false
96 silly fetch manifest http-errors@^2.0.0
97 silly packumentCache full:https://registry.npmjs.org/http-errors cache-miss
98 http fetch GET 200 https://registry.npmjs.org/router 789ms (cache miss)
99 silly packumentCache full:https://registry.npmjs.org/router set size:undefined disposed:false
100 silly fetch manifest on-finished@^2.4.1
101 silly packumentCache full:https://registry.npmjs.org/on-finished cache-miss
102 http fetch GET 200 https://registry.npmjs.org/encodeurl 398ms (cache miss)
103 silly packumentCache full:https://registry.npmjs.org/encodeurl set size:undefined disposed:false
104 silly fetch manifest content-type@^1.0.5
105 silly packumentCache full:https://registry.npmjs.org/content-type cache-miss
106 http fetch GET 200 https://registry.npmjs.org/mime-types 432ms (cache miss)
107 silly packumentCache full:https://registry.npmjs.org/mime-types set size:undefined disposed:false
108 silly fetch manifest finalhandler@^2.1.0
109 silly packumentCache full:https://registry.npmjs.org/finalhandler cache-miss
110 http fetch GET 200 https://registry.npmjs.org/proxy-addr 436ms (cache miss)
111 silly packumentCache full:https://registry.npmjs.org/proxy-addr set size:undefined disposed:false
112 silly fetch manifest range-parser@^1.2.1
113 silly packumentCache full:https://registry.npmjs.org/range-parser cache-miss
114 http fetch GET 200 https://registry.npmjs.org/escape-html 348ms (cache miss)
115 silly packumentCache full:https://registry.npmjs.org/escape-html set size:undefined disposed:false
116 silly fetch manifest serve-static@^2.2.0
117 silly packumentCache full:https://registry.npmjs.org/serve-static cache-miss
118 http fetch GET 200 https://registry.npmjs.org/on-finished 255ms (cache miss)
119 silly packumentCache full:https://registry.npmjs.org/on-finished set size:undefined disposed:false
120 silly fetch manifest cookie-signature@^1.2.1
121 silly packumentCache full:https://registry.npmjs.org/cookie-signature cache-miss
122 http fetch GET 200 https://registry.npmjs.org/http-errors 403ms (cache miss)
123 silly packumentCache full:https://registry.npmjs.org/http-errors set size:undefined disposed:false
124 silly fetch manifest merge-descriptors@^2.0.0
125 silly packumentCache full:https://registry.npmjs.org/merge-descriptors cache-miss
126 http fetch GET 200 https://registry.npmjs.org/body-parser 573ms (cache miss)
127 silly packumentCache full:https://registry.npmjs.org/body-parser set size:undefined disposed:false
128 silly fetch manifest content-disposition@^1.0.0
129 silly packumentCache full:https://registry.npmjs.org/content-disposition cache-miss
130 http fetch GET 200 https://registry.npmjs.org/content-type 382ms (cache miss)
131 silly packumentCache full:https://registry.npmjs.org/content-type set size:undefined disposed:false
132 http fetch GET 200 https://registry.npmjs.org/finalhandler 335ms (cache miss)
133 silly packumentCache full:https://registry.npmjs.org/finalhandler set size:undefined disposed:false
134 http fetch GET 200 https://registry.npmjs.org/range-parser 333ms (cache miss)
135 silly packumentCache full:https://registry.npmjs.org/range-parser set size:undefined disposed:false
136 http fetch GET 200 https://registry.npmjs.org/merge-descriptors 207ms (cache miss)
137 silly packumentCache full:https://registry.npmjs.org/merge-descriptors set size:undefined disposed:false
138 http fetch GET 200 https://registry.npmjs.org/cookie-signature 280ms (cache miss)
139 silly packumentCache full:https://registry.npmjs.org/cookie-signature set size:undefined disposed:false
140 http fetch GET 200 https://registry.npmjs.org/serve-static 349ms (cache miss)
141 silly packumentCache full:https://registry.npmjs.org/serve-static set size:undefined disposed:false
142 http fetch GET 200 https://registry.npmjs.org/content-disposition 199ms (cache miss)
143 silly packumentCache full:https://registry.npmjs.org/content-disposition set size:undefined disposed:false
144 silly placeDep ROOT object-assign@4.1.1 OK for: cors@2.8.6 want: ^4
145 silly placeDep ROOT vary@1.1.2 OK for: cors@2.8.6 want: ^1
146 silly placeDep ROOT accepts@2.0.0 OK for: express@5.2.1 want: ^2.0.0
147 silly placeDep ROOT body-parser@2.3.0 OK for: express@5.2.1 want: ^2.2.1
148 silly placeDep ROOT content-disposition@1.1.0 OK for: express@5.2.1 want: ^1.0.0
149 silly placeDep ROOT content-type@1.0.5 OK for: express@5.2.1 want: ^1.0.5
150 silly placeDep ROOT cookie@0.7.2 OK for: express@5.2.1 want: ^0.7.1
151 silly placeDep ROOT cookie-signature@1.2.2 OK for: express@5.2.1 want: ^1.2.1
152 silly placeDep ROOT debug@4.4.3 OK for: express@5.2.1 want: ^4.4.0
153 silly placeDep ROOT depd@2.0.0 OK for: express@5.2.1 want: ^2.0.0
154 silly placeDep ROOT encodeurl@2.0.0 OK for: express@5.2.1 want: ^2.0.0
155 silly placeDep ROOT escape-html@1.0.3 OK for: express@5.2.1 want: ^1.0.3
156 silly placeDep ROOT etag@1.8.1 OK for: express@5.2.1 want: ^1.8.1
157 silly placeDep ROOT finalhandler@2.1.1 OK for: express@5.2.1 want: ^2.1.0
158 silly placeDep ROOT fresh@2.0.0 OK for: express@5.2.1 want: ^2.0.0
159 silly placeDep ROOT http-errors@2.0.1 OK for: express@5.2.1 want: ^2.0.0
160 silly placeDep ROOT merge-descriptors@2.0.0 OK for: express@5.2.1 want: ^2.0.0
161 silly placeDep ROOT mime-types@3.0.2 OK for: express@5.2.1 want: ^3.0.0
162 silly placeDep ROOT on-finished@2.4.1 OK for: express@5.2.1 want: ^2.4.1
163 silly placeDep ROOT once@1.4.0 OK for: express@5.2.1 want: ^1.4.0
164 silly placeDep ROOT parseurl@1.3.3 OK for: express@5.2.1 want: ^1.3.3
165 silly placeDep ROOT proxy-addr@2.0.7 OK for: express@5.2.1 want: ^2.0.7
166 silly placeDep ROOT qs@6.15.3 OK for: express@5.2.1 want: ^6.14.0
167 silly placeDep ROOT range-parser@1.3.0 OK for: express@5.2.1 want: ^1.2.1
168 silly placeDep ROOT router@2.2.0 OK for: express@5.2.1 want: ^2.2.0
169 silly placeDep ROOT send@1.2.1 OK for: express@5.2.1 want: ^1.1.0
170 silly placeDep ROOT serve-static@2.2.1 OK for: express@5.2.1 want: ^2.2.0
171 silly placeDep ROOT statuses@2.0.2 OK for: express@5.2.1 want: ^2.0.1
172 silly placeDep ROOT type-is@2.1.0 OK for: express@5.2.1 want: ^2.0.1
173 silly fetch manifest negotiator@^1.0.0
174 silly packumentCache full:https://registry.npmjs.org/negotiator cache-miss
175 silly fetch manifest bytes@^3.1.2
176 silly packumentCache full:https://registry.npmjs.org/bytes cache-miss
177 silly fetch manifest content-type@^2.0.0
178 silly packumentCache full:https://registry.npmjs.org/content-type cache-miss
179 silly fetch manifest debug@^4.4.3
180 silly packumentCache full:https://registry.npmjs.org/debug cache-miss
181 silly fetch manifest http-errors@^2.0.1
182 silly packumentCache full:https://registry.npmjs.org/http-errors cache-miss
183 silly fetch manifest iconv-lite@^0.7.2
184 silly packumentCache full:https://registry.npmjs.org/iconv-lite cache-miss
185 silly fetch manifest qs@^6.15.2
186 silly packumentCache full:https://registry.npmjs.org/qs cache-miss
187 http cache https://registry.npmjs.org/debug 196ms (cache hit)
188 silly packumentCache full:https://registry.npmjs.org/debug set size:195840 disposed:false
189 silly fetch manifest raw-body@^3.0.2
190 silly packumentCache full:https://registry.npmjs.org/raw-body cache-miss
191 http cache https://registry.npmjs.org/content-type 234ms (cache hit)
192 silly packumentCache full:https://registry.npmjs.org/content-type set size:18994 disposed:false
193 silly fetch manifest type-is@^2.1.0
194 silly packumentCache full:https://registry.npmjs.org/type-is cache-miss
195 http cache https://registry.npmjs.org/http-errors 243ms (cache hit)
196 silly packumentCache full:https://registry.npmjs.org/http-errors set size:71987 disposed:false
197 silly fetch manifest ms@^2.1.3
198 silly packumentCache full:https://registry.npmjs.org/ms cache-miss
199 http cache https://registry.npmjs.org/qs 249ms (cache hit)
200 silly packumentCache full:https://registry.npmjs.org/qs set size:360318 disposed:false
201 silly fetch manifest inherits@~2.0.4
202 silly packumentCache full:https://registry.npmjs.org/inherits cache-miss
203 http fetch GET 200 https://registry.npmjs.org/bytes 463ms (cache miss)
204 silly packumentCache full:https://registry.npmjs.org/bytes set size:undefined disposed:false
205 silly fetch manifest setprototypeof@~1.2.0
206 silly packumentCache full:https://registry.npmjs.org/setprototypeof cache-miss
207 http fetch GET 200 https://registry.npmjs.org/negotiator 516ms (cache miss)
208 silly packumentCache full:https://registry.npmjs.org/negotiator set size:undefined disposed:false
209 silly fetch manifest statuses@~2.0.2
210 silly packumentCache full:https://registry.npmjs.org/statuses cache-miss
211 http cache https://registry.npmjs.org/type-is 279ms (cache hit)
212 silly packumentCache full:https://registry.npmjs.org/type-is set size:88614 disposed:false
213 silly fetch manifest toidentifier@~1.0.1
214 silly packumentCache full:https://registry.npmjs.org/toidentifier cache-miss
215 http fetch GET 200 https://registry.npmjs.org/iconv-lite 573ms (cache miss)
216 silly packumentCache full:https://registry.npmjs.org/iconv-lite set size:undefined disposed:false
217 silly fetch manifest mime-db@^1.54.0
218 silly packumentCache full:https://registry.npmjs.org/mime-db cache-miss
219 http fetch GET 200 https://registry.npmjs.org/inherits 321ms (cache miss)
220 silly packumentCache full:https://registry.npmjs.org/inherits set size:undefined disposed:false
221 silly fetch manifest ee-first@1.1.1
222 silly packumentCache full:https://registry.npmjs.org/ee-first cache-miss
223 http fetch GET 200 https://registry.npmjs.org/ms 424ms (cache miss)
224 silly packumentCache full:https://registry.npmjs.org/ms set size:undefined disposed:false
225 silly fetch manifest wrappy@1
226 silly packumentCache full:https://registry.npmjs.org/wrappy cache-miss
227 http cache https://registry.npmjs.org/statuses 226ms (cache hit)
228 silly packumentCache full:https://registry.npmjs.org/statuses set size:37117 disposed:false
229 silly fetch manifest forwarded@0.2.0
230 silly packumentCache full:https://registry.npmjs.org/forwarded cache-miss
231 http fetch GET 200 https://registry.npmjs.org/raw-body 534ms (cache miss)
232 silly packumentCache full:https://registry.npmjs.org/raw-body set size:undefined disposed:false
233 silly fetch manifest ipaddr.js@1.9.1
234 silly packumentCache full:https://registry.npmjs.org/ipaddr.js cache-miss
235 http fetch GET 200 https://registry.npmjs.org/setprototypeof 345ms (cache miss)
236 silly packumentCache full:https://registry.npmjs.org/setprototypeof set size:undefined disposed:false
237 silly fetch manifest side-channel@^1.1.1
238 silly packumentCache full:https://registry.npmjs.org/side-channel cache-miss
239 http fetch GET 200 https://registry.npmjs.org/toidentifier 339ms (cache miss)
240 silly packumentCache full:https://registry.npmjs.org/toidentifier set size:undefined disposed:false
241 silly fetch manifest es-define-property@^1.0.1
242 silly packumentCache full:https://registry.npmjs.org/es-define-property cache-miss
243 http fetch GET 200 https://registry.npmjs.org/wrappy 218ms (cache miss)
244 silly packumentCache full:https://registry.npmjs.org/wrappy set size:undefined disposed:false
245 silly fetch manifest is-promise@^4.0.0
246 silly packumentCache full:https://registry.npmjs.org/is-promise cache-miss
247 http fetch GET 200 https://registry.npmjs.org/ee-first 313ms (cache miss)
248 silly packumentCache full:https://registry.npmjs.org/ee-first set size:undefined disposed:false
249 silly fetch manifest path-to-regexp@^8.0.0
250 silly packumentCache full:https://registry.npmjs.org/path-to-regexp cache-miss
251 http fetch GET 200 https://registry.npmjs.org/mime-db 402ms (cache miss)
252 silly packumentCache full:https://registry.npmjs.org/mime-db set size:undefined disposed:false
253 silly fetch manifest statuses@^2.0.2
254 silly packumentCache full:https://registry.npmjs.org/statuses cache-hit
255 silly fetch manifest media-typer@^1.1.0
256 silly packumentCache full:https://registry.npmjs.org/media-typer cache-miss
257 http fetch GET 200 https://registry.npmjs.org/forwarded 316ms (cache miss)
258 silly packumentCache full:https://registry.npmjs.org/forwarded set size:undefined disposed:false
259 http fetch GET 200 https://registry.npmjs.org/ipaddr.js 305ms (cache miss)
260 silly packumentCache full:https://registry.npmjs.org/ipaddr.js set size:undefined disposed:false
261 http fetch GET 200 https://registry.npmjs.org/side-channel 277ms (cache miss)
262 silly packumentCache full:https://registry.npmjs.org/side-channel set size:undefined disposed:false
263 http fetch GET 200 https://registry.npmjs.org/es-define-property 248ms (cache miss)
264 silly packumentCache full:https://registry.npmjs.org/es-define-property set size:undefined disposed:false
265 http fetch GET 200 https://registry.npmjs.org/is-promise 212ms (cache miss)
266 silly packumentCache full:https://registry.npmjs.org/is-promise set size:undefined disposed:false
267 http fetch GET 200 https://registry.npmjs.org/media-typer 126ms (cache miss)
268 silly packumentCache full:https://registry.npmjs.org/media-typer set size:undefined disposed:false
269 http fetch GET 200 https://registry.npmjs.org/path-to-regexp 211ms (cache miss)
270 silly packumentCache full:https://registry.npmjs.org/path-to-regexp set size:undefined disposed:false
271 silly placeDep ROOT negotiator@1.0.0 OK for: accepts@2.0.0 want: ^1.0.0
272 silly placeDep ROOT bytes@3.1.2 OK for: body-parser@2.3.0 want: ^3.1.2
273 silly placeDep node_modules/body-parser content-type@2.0.0 OK for: body-parser@2.3.0 want: ^2.0.0
274 silly placeDep ROOT iconv-lite@0.7.2 OK for: body-parser@2.3.0 want: ^0.7.2
275 silly placeDep ROOT raw-body@3.0.2 OK for: body-parser@2.3.0 want: ^3.0.2
276 silly fetch manifest safer-buffer@>= 2.1.2 < 3.0.0
277 silly packumentCache full:https://registry.npmjs.org/safer-buffer cache-miss
278 silly fetch manifest unpipe@~1.0.0
279 silly packumentCache full:https://registry.npmjs.org/unpipe cache-miss
280 http fetch GET 200 https://registry.npmjs.org/unpipe 105ms (cache miss)
281 silly packumentCache full:https://registry.npmjs.org/unpipe set size:undefined disposed:false
282 http fetch GET 200 https://registry.npmjs.org/safer-buffer 122ms (cache miss)
283 silly packumentCache full:https://registry.npmjs.org/safer-buffer set size:undefined disposed:false
284 silly placeDep ROOT ms@2.1.3 OK for: debug@4.4.3 want: ^2.1.3
285 silly placeDep ROOT inherits@2.0.4 OK for: http-errors@2.0.1 want: ~2.0.4
286 silly placeDep ROOT setprototypeof@1.2.0 OK for: http-errors@2.0.1 want: ~1.2.0
287 silly placeDep ROOT toidentifier@1.0.1 OK for: http-errors@2.0.1 want: ~1.0.1
288 silly placeDep ROOT safer-buffer@2.1.2 OK for: iconv-lite@0.7.2 want: >= 2.1.2 < 3.0.0
289 silly placeDep ROOT mime-db@1.54.0 OK for: mime-types@3.0.2 want: ^1.54.0
290 silly placeDep ROOT ee-first@1.1.1 OK for: on-finished@2.4.1 want: 1.1.1
291 silly placeDep ROOT wrappy@1.0.2 OK for: once@1.4.0 want: 1
292 silly placeDep ROOT forwarded@0.2.0 OK for: proxy-addr@2.0.7 want: 0.2.0
293 silly placeDep ROOT ipaddr.js@1.9.1 OK for: proxy-addr@2.0.7 want: 1.9.1
294 silly placeDep ROOT es-define-property@1.0.1 OK for: qs@6.15.3 want: ^1.0.1
295 silly placeDep ROOT side-channel@1.1.1 OK for: qs@6.15.3 want: ^1.1.1
296 silly fetch manifest es-errors@^1.3.0
297 silly packumentCache full:https://registry.npmjs.org/es-errors cache-miss
298 silly fetch manifest object-inspect@^1.13.4
299 silly packumentCache full:https://registry.npmjs.org/object-inspect cache-miss
300 silly fetch manifest side-channel-list@^1.0.1
301 silly packumentCache full:https://registry.npmjs.org/side-channel-list cache-miss
302 silly fetch manifest side-channel-map@^1.0.1
303 silly packumentCache full:https://registry.npmjs.org/side-channel-map cache-miss
304 silly fetch manifest side-channel-weakmap@^1.0.2
305 silly packumentCache full:https://registry.npmjs.org/side-channel-weakmap cache-miss
306 http fetch GET 200 https://registry.npmjs.org/side-channel-list 143ms (cache miss)
307 silly packumentCache full:https://registry.npmjs.org/side-channel-list set size:undefined disposed:false
308 http fetch GET 200 https://registry.npmjs.org/es-errors 163ms (cache miss)
309 silly packumentCache full:https://registry.npmjs.org/es-errors set size:undefined disposed:false
310 http fetch GET 200 https://registry.npmjs.org/side-channel-map 160ms (cache miss)
311 silly packumentCache full:https://registry.npmjs.org/side-channel-map set size:undefined disposed:false
312 http fetch GET 200 https://registry.npmjs.org/side-channel-weakmap 165ms (cache miss)
313 silly packumentCache full:https://registry.npmjs.org/side-channel-weakmap set size:undefined disposed:false
314 http fetch GET 200 https://registry.npmjs.org/object-inspect 189ms (cache miss)
315 silly packumentCache full:https://registry.npmjs.org/object-inspect set size:undefined disposed:false
316 silly placeDep ROOT unpipe@1.0.0 OK for: raw-body@3.0.2 want: ~1.0.0
317 silly placeDep ROOT is-promise@4.0.0 OK for: router@2.2.0 want: ^4.0.0
318 silly placeDep ROOT path-to-regexp@8.4.2 OK for: router@2.2.0 want: ^8.0.0
319 silly placeDep ROOT es-errors@1.3.0 OK for: side-channel@1.1.1 want: ^1.3.0
320 silly placeDep ROOT object-inspect@1.13.4 OK for: side-channel@1.1.1 want: ^1.13.4
321 silly placeDep ROOT side-channel-list@1.0.1 OK for: side-channel@1.1.1 want: ^1.0.1
322 silly placeDep ROOT side-channel-map@1.0.1 OK for: side-channel@1.1.1 want: ^1.0.1
323 silly placeDep ROOT side-channel-weakmap@1.0.2 OK for: side-channel@1.1.1 want: ^1.0.2
324 silly fetch manifest call-bound@^1.0.2
325 silly packumentCache full:https://registry.npmjs.org/call-bound cache-miss
326 silly fetch manifest get-intrinsic@^1.2.5
327 silly packumentCache full:https://registry.npmjs.org/get-intrinsic cache-miss
328 silly fetch manifest call-bound@^1.0.2
329 silly packumentCache full:https://registry.npmjs.org/call-bound cache-miss
330 silly fetch manifest get-intrinsic@^1.2.5
331 silly packumentCache full:https://registry.npmjs.org/get-intrinsic cache-miss
332 http fetch GET 200 https://registry.npmjs.org/call-bound 141ms (cache miss)
333 silly packumentCache full:https://registry.npmjs.org/call-bound set size:undefined disposed:false
334 http fetch GET 200 https://registry.npmjs.org/call-bound 147ms (cache miss)
335 silly packumentCache full:https://registry.npmjs.org/call-bound set size:undefined disposed:false
336 http fetch GET 200 https://registry.npmjs.org/get-intrinsic 162ms (cache miss)
337 silly packumentCache full:https://registry.npmjs.org/get-intrinsic set size:undefined disposed:false
338 http fetch GET 200 https://registry.npmjs.org/get-intrinsic 196ms (cache miss)
339 silly packumentCache full:https://registry.npmjs.org/get-intrinsic set size:undefined disposed:false
340 silly placeDep ROOT call-bound@1.0.4 OK for: side-channel-map@1.0.1 want: ^1.0.2
341 silly placeDep ROOT get-intrinsic@1.3.0 OK for: side-channel-map@1.0.1 want: ^1.2.5
342 silly fetch manifest call-bind-apply-helpers@^1.0.2
343 silly packumentCache full:https://registry.npmjs.org/call-bind-apply-helpers cache-miss
344 silly fetch manifest get-intrinsic@^1.3.0
345 silly packumentCache full:https://registry.npmjs.org/get-intrinsic cache-miss
346 silly fetch manifest gopd@^1.2.0
347 silly packumentCache full:https://registry.npmjs.org/gopd cache-miss
348 silly fetch manifest hasown@^2.0.2
349 silly packumentCache full:https://registry.npmjs.org/hasown cache-miss
350 silly fetch manifest get-proto@^1.0.1
351 silly packumentCache full:https://registry.npmjs.org/get-proto cache-miss
352 silly fetch manifest has-symbols@^1.1.0
353 silly packumentCache full:https://registry.npmjs.org/has-symbols cache-miss
354 silly fetch manifest function-bind@^1.1.2
355 silly packumentCache full:https://registry.npmjs.org/function-bind cache-miss
356 http cache https://registry.npmjs.org/get-intrinsic 206ms (cache hit)
357 silly packumentCache full:https://registry.npmjs.org/get-intrinsic set size:60985 disposed:false
358 silly fetch manifest es-object-atoms@^1.1.1
359 silly packumentCache full:https://registry.npmjs.org/es-object-atoms cache-miss
360 http fetch GET 200 https://registry.npmjs.org/gopd 226ms (cache miss)
361 silly packumentCache full:https://registry.npmjs.org/gopd set size:undefined disposed:false
362 silly fetch manifest math-intrinsics@^1.1.0
363 silly packumentCache full:https://registry.npmjs.org/math-intrinsics cache-miss
364 http fetch GET 200 https://registry.npmjs.org/call-bind-apply-helpers 249ms (cache miss)
365 silly packumentCache full:https://registry.npmjs.org/call-bind-apply-helpers set size:undefined disposed:false
366 http fetch GET 200 https://registry.npmjs.org/get-proto 242ms (cache miss)
367 silly packumentCache full:https://registry.npmjs.org/get-proto set size:undefined disposed:false
368 http fetch GET 200 https://registry.npmjs.org/hasown 277ms (cache miss)
369 silly packumentCache full:https://registry.npmjs.org/hasown set size:undefined disposed:false
370 http fetch GET 200 https://registry.npmjs.org/function-bind 284ms (cache miss)
371 silly packumentCache full:https://registry.npmjs.org/function-bind set size:undefined disposed:false
372 http fetch GET 200 https://registry.npmjs.org/has-symbols 324ms (cache miss)
373 silly packumentCache full:https://registry.npmjs.org/has-symbols set size:undefined disposed:false
374 http fetch GET 200 https://registry.npmjs.org/math-intrinsics 130ms (cache miss)
375 silly packumentCache full:https://registry.npmjs.org/math-intrinsics set size:undefined disposed:false
376 http fetch GET 200 https://registry.npmjs.org/es-object-atoms 559ms (cache miss)
377 silly packumentCache full:https://registry.npmjs.org/es-object-atoms set size:undefined disposed:false
378 silly placeDep ROOT call-bind-apply-helpers@1.0.2 OK for: call-bound@1.0.4 want: ^1.0.2
379 silly placeDep ROOT function-bind@1.1.2 OK for: call-bind-apply-helpers@1.0.2 want: ^1.1.2
380 silly placeDep ROOT es-object-atoms@1.1.2 OK for: get-intrinsic@1.3.0 want: ^1.1.1
381 silly placeDep ROOT get-proto@1.0.1 OK for: get-intrinsic@1.3.0 want: ^1.0.1
382 silly placeDep ROOT gopd@1.2.0 OK for: get-intrinsic@1.3.0 want: ^1.2.0
383 silly placeDep ROOT has-symbols@1.1.0 OK for: get-intrinsic@1.3.0 want: ^1.1.0
384 silly placeDep ROOT hasown@2.0.4 OK for: get-intrinsic@1.3.0 want: ^2.0.2
385 silly placeDep ROOT math-intrinsics@1.1.0 OK for: get-intrinsic@1.3.0 want: ^1.1.0
386 silly fetch manifest dunder-proto@^1.0.1
387 silly packumentCache full:https://registry.npmjs.org/dunder-proto cache-miss
388 http fetch GET 200 https://registry.npmjs.org/dunder-proto 67ms (cache miss)
389 silly packumentCache full:https://registry.npmjs.org/dunder-proto set size:undefined disposed:false
390 silly placeDep ROOT dunder-proto@1.0.1 OK for: get-proto@1.0.1 want: ^1.0.1
391 silly placeDep node_modules/type-is content-type@2.0.0 OK for: type-is@2.1.0 want: ^2.0.0
392 silly placeDep ROOT media-typer@1.1.0 OK for: type-is@2.1.0 want: ^1.1.0
393 silly reify moves {}
394 silly audit bulk request {
394 silly audit   cors: [ '2.8.6' ],
394 silly audit   express: [ '5.2.1' ],
394 silly audit   'object-assign': [ '4.1.1' ],
394 silly audit   vary: [ '1.1.2' ],
394 silly audit   accepts: [ '2.0.0' ],
394 silly audit   'body-parser': [ '2.3.0' ],
394 silly audit   'content-disposition': [ '1.1.0' ],
394 silly audit   'content-type': [ '1.0.5', '2.0.0' ],
394 silly audit   cookie: [ '0.7.2' ],
394 silly audit   'cookie-signature': [ '1.2.2' ],
394 silly audit   debug: [ '4.4.3' ],
394 silly audit   depd: [ '2.0.0' ],
394 silly audit   encodeurl: [ '2.0.0' ],
394 silly audit   'escape-html': [ '1.0.3' ],
394 silly audit   etag: [ '1.8.1' ],
394 silly audit   finalhandler: [ '2.1.1' ],
394 silly audit   fresh: [ '2.0.0' ],
394 silly audit   'http-errors': [ '2.0.1' ],
394 silly audit   'merge-descriptors': [ '2.0.0' ],
394 silly audit   'mime-types': [ '3.0.2' ],
394 silly audit   'on-finished': [ '2.4.1' ],
394 silly audit   once: [ '1.4.0' ],
394 silly audit   parseurl: [ '1.3.3' ],
394 silly audit   'proxy-addr': [ '2.0.7' ],
394 silly audit   qs: [ '6.15.3' ],
394 silly audit   'range-parser': [ '1.3.0' ],
394 silly audit   router: [ '2.2.0' ],
394 silly audit   send: [ '1.2.1' ],
394 silly audit   'serve-static': [ '2.2.1' ],
394 silly audit   statuses: [ '2.0.2' ],
394 silly audit   'type-is': [ '2.1.0' ],
394 silly audit   negotiator: [ '1.0.0' ],
394 silly audit   bytes: [ '3.1.2' ],
394 silly audit   'iconv-lite': [ '0.7.2' ],
394 silly audit   'raw-body': [ '3.0.2' ],
394 silly audit   ms: [ '2.1.3' ],
394 silly audit   inherits: [ '2.0.4' ],
394 silly audit   setprototypeof: [ '1.2.0' ],
394 silly audit   toidentifier: [ '1.0.1' ],
394 silly audit   'safer-buffer': [ '2.1.2' ],
394 silly audit   'mime-db': [ '1.54.0' ],
394 silly audit   'ee-first': [ '1.1.1' ],
394 silly audit   wrappy: [ '1.0.2' ],
394 silly audit   forwarded: [ '0.2.0' ],
394 silly audit   'ipaddr.js': [ '1.9.1' ],
394 silly audit   'es-define-property': [ '1.0.1' ],
394 silly audit   'side-channel': [ '1.1.1' ],
394 silly audit   unpipe: [ '1.0.0' ],
394 silly audit   'is-promise': [ '4.0.0' ],
394 silly audit   'path-to-regexp': [ '8.4.2' ],
394 silly audit   'es-errors': [ '1.3.0' ],
394 silly audit   'object-inspect': [ '1.13.4' ],
394 silly audit   'side-channel-list': [ '1.0.1' ],
394 silly audit   'side-channel-map': [ '1.0.1' ],
394 silly audit   'side-channel-weakmap': [ '1.0.2' ],
394 silly audit   'call-bound': [ '1.0.4' ],
394 silly audit   'get-intrinsic': [ '1.3.0' ],
394 silly audit   'call-bind-apply-helpers': [ '1.0.2' ],
394 silly audit   'function-bind': [ '1.1.2' ],
394 silly audit   'es-object-atoms': [ '1.1.2' ],
394 silly audit   'get-proto': [ '1.0.1' ],
394 silly audit   gopd: [ '1.2.0' ],
394 silly audit   'has-symbols': [ '1.1.0' ],
394 silly audit   hasown: [ '2.0.4' ],
394 silly audit   'math-intrinsics': [ '1.1.0' ],
394 silly audit   'dunder-proto': [ '1.0.1' ],
394 silly audit   'media-typer': [ '1.1.0' ]
394 silly audit }
395 http cache media-typer@https://registry.npmjs.org/media-typer/-/media-typer-1.1.0.tgz 1ms (cache hit)
396 http cache dunder-proto@https://registry.npmjs.org/dunder-proto/-/dunder-proto-1.0.1.tgz 0ms (cache hit)
397 http cache math-intrinsics@https://registry.npmjs.org/math-intrinsics/-/math-intrinsics-1.1.0.tgz 1ms (cache hit)
398 http cache has-symbols@https://registry.npmjs.org/has-symbols/-/has-symbols-1.1.0.tgz 0ms (cache hit)
399 http cache hasown@https://registry.npmjs.org/hasown/-/hasown-2.0.4.tgz 1ms (cache hit)
400 http cache gopd@https://registry.npmjs.org/gopd/-/gopd-1.2.0.tgz 1ms (cache hit)
401 http cache get-proto@https://registry.npmjs.org/get-proto/-/get-proto-1.0.1.tgz 0ms (cache hit)
402 http cache es-object-atoms@https://registry.npmjs.org/es-object-atoms/-/es-object-atoms-1.1.2.tgz 0ms (cache hit)
403 http cache function-bind@https://registry.npmjs.org/function-bind/-/function-bind-1.1.2.tgz 0ms (cache hit)
404 http cache call-bind-apply-helpers@https://registry.npmjs.org/call-bind-apply-helpers/-/call-bind-apply-helpers-1.0.2.tgz 1ms (cache hit)
405 http cache get-intrinsic@https://registry.npmjs.org/get-intrinsic/-/get-intrinsic-1.3.0.tgz 0ms (cache hit)
406 http cache call-bound@https://registry.npmjs.org/call-bound/-/call-bound-1.0.4.tgz 0ms (cache hit)
407 http cache side-channel-weakmap@https://registry.npmjs.org/side-channel-weakmap/-/side-channel-weakmap-1.0.2.tgz 0ms (cache hit)
408 http cache side-channel-map@https://registry.npmjs.org/side-channel-map/-/side-channel-map-1.0.1.tgz 0ms (cache hit)
409 http cache side-channel-list@https://registry.npmjs.org/side-channel-list/-/side-channel-list-1.0.1.tgz 0ms (cache hit)
410 http cache object-inspect@https://registry.npmjs.org/object-inspect/-/object-inspect-1.13.4.tgz 0ms (cache hit)
411 http cache es-errors@https://registry.npmjs.org/es-errors/-/es-errors-1.3.0.tgz 0ms (cache hit)
412 http cache path-to-regexp@https://registry.npmjs.org/path-to-regexp/-/path-to-regexp-8.4.2.tgz 1ms (cache hit)
413 http cache is-promise@https://registry.npmjs.org/is-promise/-/is-promise-4.0.0.tgz 0ms (cache hit)
414 http cache unpipe@https://registry.npmjs.org/unpipe/-/unpipe-1.0.0.tgz 0ms (cache hit)
415 http cache side-channel@https://registry.npmjs.org/side-channel/-/side-channel-1.1.1.tgz 0ms (cache hit)
416 http cache es-define-property@https://registry.npmjs.org/es-define-property/-/es-define-property-1.0.1.tgz 0ms (cache hit)
417 http cache ipaddr.js@https://registry.npmjs.org/ipaddr.js/-/ipaddr.js-1.9.1.tgz 0ms (cache hit)
418 http cache forwarded@https://registry.npmjs.org/forwarded/-/forwarded-0.2.0.tgz 0ms (cache hit)
419 http cache wrappy@https://registry.npmjs.org/wrappy/-/wrappy-1.0.2.tgz 0ms (cache hit)
420 http cache ee-first@https://registry.npmjs.org/ee-first/-/ee-first-1.1.1.tgz 0ms (cache hit)
421 http cache mime-db@https://registry.npmjs.org/mime-db/-/mime-db-1.54.0.tgz 0ms (cache hit)
422 http cache safer-buffer@https://registry.npmjs.org/safer-buffer/-/safer-buffer-2.1.2.tgz 0ms (cache hit)
423 http cache toidentifier@https://registry.npmjs.org/toidentifier/-/toidentifier-1.0.1.tgz 0ms (cache hit)
424 http cache setprototypeof@https://registry.npmjs.org/setprototypeof/-/setprototypeof-1.2.0.tgz 0ms (cache hit)
425 http cache inherits@https://registry.npmjs.org/inherits/-/inherits-2.0.4.tgz 1ms (cache hit)
426 http cache ms@https://registry.npmjs.org/ms/-/ms-2.1.3.tgz 0ms (cache hit)
427 http cache raw-body@https://registry.npmjs.org/raw-body/-/raw-body-3.0.2.tgz 0ms (cache hit)
428 http cache iconv-lite@https://registry.npmjs.org/iconv-lite/-/iconv-lite-0.7.2.tgz 0ms (cache hit)
429 http cache bytes@https://registry.npmjs.org/bytes/-/bytes-3.1.2.tgz 0ms (cache hit)
430 http cache type-is@https://registry.npmjs.org/type-is/-/type-is-2.1.0.tgz 0ms (cache hit)
431 http cache negotiator@https://registry.npmjs.org/negotiator/-/negotiator-1.0.0.tgz 1ms (cache hit)
432 http cache statuses@https://registry.npmjs.org/statuses/-/statuses-2.0.2.tgz 0ms (cache hit)
433 http cache send@https://registry.npmjs.org/send/-/send-1.2.1.tgz 0ms (cache hit)
434 http cache serve-static@https://registry.npmjs.org/serve-static/-/serve-static-2.2.1.tgz 0ms (cache hit)
435 http cache router@https://registry.npmjs.org/router/-/router-2.2.0.tgz 0ms (cache hit)
436 http cache range-parser@https://registry.npmjs.org/range-parser/-/range-parser-1.3.0.tgz 1ms (cache hit)
437 http cache qs@https://registry.npmjs.org/qs/-/qs-6.15.3.tgz 0ms (cache hit)
438 http cache proxy-addr@https://registry.npmjs.org/proxy-addr/-/proxy-addr-2.0.7.tgz 0ms (cache hit)
439 http cache parseurl@https://registry.npmjs.org/parseurl/-/parseurl-1.3.3.tgz 1ms (cache hit)
440 http cache once@https://registry.npmjs.org/once/-/once-1.4.0.tgz 0ms (cache hit)
441 http cache mime-types@https://registry.npmjs.org/mime-types/-/mime-types-3.0.2.tgz 0ms (cache hit)
442 http cache on-finished@https://registry.npmjs.org/on-finished/-/on-finished-2.4.1.tgz 0ms (cache hit)
443 http cache http-errors@https://registry.npmjs.org/http-errors/-/http-errors-2.0.1.tgz 1ms (cache hit)
444 http cache merge-descriptors@https://registry.npmjs.org/merge-descriptors/-/merge-descriptors-2.0.0.tgz 0ms (cache hit)
445 http cache fresh@https://registry.npmjs.org/fresh/-/fresh-2.0.0.tgz 0ms (cache hit)
446 http cache finalhandler@https://registry.npmjs.org/finalhandler/-/finalhandler-2.1.1.tgz 0ms (cache hit)
447 http cache etag@https://registry.npmjs.org/etag/-/etag-1.8.1.tgz 0ms (cache hit)
448 http cache escape-html@https://registry.npmjs.org/escape-html/-/escape-html-1.0.3.tgz 0ms (cache hit)
449 http cache encodeurl@https://registry.npmjs.org/encodeurl/-/encodeurl-2.0.0.tgz 0ms (cache hit)
450 http cache depd@https://registry.npmjs.org/depd/-/depd-2.0.0.tgz 0ms (cache hit)
451 http cache debug@https://registry.npmjs.org/debug/-/debug-4.4.3.tgz 0ms (cache hit)
452 http cache cookie-signature@https://registry.npmjs.org/cookie-signature/-/cookie-signature-1.2.2.tgz 0ms (cache hit)
453 http cache cookie@https://registry.npmjs.org/cookie/-/cookie-0.7.2.tgz 1ms (cache hit)
454 http cache content-type@https://registry.npmjs.org/content-type/-/content-type-1.0.5.tgz 0ms (cache hit)
455 http cache content-disposition@https://registry.npmjs.org/content-disposition/-/content-disposition-1.1.0.tgz 0ms (cache hit)
456 http cache body-parser@https://registry.npmjs.org/body-parser/-/body-parser-2.3.0.tgz 0ms (cache hit)
457 http cache accepts@https://registry.npmjs.org/accepts/-/accepts-2.0.0.tgz 0ms (cache hit)
458 http cache vary@https://registry.npmjs.org/vary/-/vary-1.1.2.tgz 1ms (cache hit)
459 http cache object-assign@https://registry.npmjs.org/object-assign/-/object-assign-4.1.1.tgz 0ms (cache hit)
460 http cache express@https://registry.npmjs.org/express/-/express-5.2.1.tgz 1ms (cache hit)
461 http cache cors@https://registry.npmjs.org/cors/-/cors-2.8.6.tgz 0ms (cache hit)
462 http cache content-type@https://registry.npmjs.org/content-type/-/content-type-2.0.0.tgz 0ms (cache hit)
463 http cache content-type@https://registry.npmjs.org/content-type/-/content-type-2.0.0.tgz 0ms (cache hit)
464 silly tarball no local data for media-typer@https://registry.npmjs.org/media-typer/-/media-typer-1.1.0.tgz. Extracting by manifest.
465 silly tarball no local data for dunder-proto@https://registry.npmjs.org/dunder-proto/-/dunder-proto-1.0.1.tgz. Extracting by manifest.
466 silly tarball no local data for math-intrinsics@https://registry.npmjs.org/math-intrinsics/-/math-intrinsics-1.1.0.tgz. Extracting by manifest.
467 silly tarball no local data for has-symbols@https://registry.npmjs.org/has-symbols/-/has-symbols-1.1.0.tgz. Extracting by manifest.
468 silly tarball no local data for hasown@https://registry.npmjs.org/hasown/-/hasown-2.0.4.tgz. Extracting by manifest.
469 silly tarball no local data for gopd@https://registry.npmjs.org/gopd/-/gopd-1.2.0.tgz. Extracting by manifest.
470 silly tarball no local data for get-proto@https://registry.npmjs.org/get-proto/-/get-proto-1.0.1.tgz. Extracting by manifest.
471 silly tarball no local data for es-object-atoms@https://registry.npmjs.org/es-object-atoms/-/es-object-atoms-1.1.2.tgz. Extracting by manifest.
472 silly tarball no local data for function-bind@https://registry.npmjs.org/function-bind/-/function-bind-1.1.2.tgz. Extracting by manifest.
473 silly tarball no local data for call-bind-apply-helpers@https://registry.npmjs.org/call-bind-apply-helpers/-/call-bind-apply-helpers-1.0.2.tgz. Extracting by manifest.
474 silly tarball no local data for get-intrinsic@https://registry.npmjs.org/get-intrinsic/-/get-intrinsic-1.3.0.tgz. Extracting by manifest.
475 silly tarball no local data for call-bound@https://registry.npmjs.org/call-bound/-/call-bound-1.0.4.tgz. Extracting by manifest.
476 silly tarball no local data for side-channel-weakmap@https://registry.npmjs.org/side-channel-weakmap/-/side-channel-weakmap-1.0.2.tgz. Extracting by manifest.
477 silly tarball no local data for side-channel-map@https://registry.npmjs.org/side-channel-map/-/side-channel-map-1.0.1.tgz. Extracting by manifest.
478 silly tarball no local data for side-channel-list@https://registry.npmjs.org/side-channel-list/-/side-channel-list-1.0.1.tgz. Extracting by manifest.
479 silly tarball no local data for object-inspect@https://registry.npmjs.org/object-inspect/-/object-inspect-1.13.4.tgz. Extracting by manifest.
480 silly tarball no local data for es-errors@https://registry.npmjs.org/es-errors/-/es-errors-1.3.0.tgz. Extracting by manifest.
481 silly tarball no local data for path-to-regexp@https://registry.npmjs.org/path-to-regexp/-/path-to-regexp-8.4.2.tgz. Extracting by manifest.
482 silly tarball no local data for is-promise@https://registry.npmjs.org/is-promise/-/is-promise-4.0.0.tgz. Extracting by manifest.
483 silly tarball no local data for unpipe@https://registry.npmjs.org/unpipe/-/unpipe-1.0.0.tgz. Extracting by manifest.
484 silly tarball no local data for side-channel@https://registry.npmjs.org/side-channel/-/side-channel-1.1.1.tgz. Extracting by manifest.
485 silly tarball no local data for es-define-property@https://registry.npmjs.org/es-define-property/-/es-define-property-1.0.1.tgz. Extracting by manifest.
486 silly tarball no local data for ipaddr.js@https://registry.npmjs.org/ipaddr.js/-/ipaddr.js-1.9.1.tgz. Extracting by manifest.
487 silly tarball no local data for forwarded@https://registry.npmjs.org/forwarded/-/forwarded-0.2.0.tgz. Extracting by manifest.
488 silly tarball no local data for wrappy@https://registry.npmjs.org/wrappy/-/wrappy-1.0.2.tgz. Extracting by manifest.
489 silly tarball no local data for ee-first@https://registry.npmjs.org/ee-first/-/ee-first-1.1.1.tgz. Extracting by manifest.
490 silly tarball no local data for mime-db@https://registry.npmjs.org/mime-db/-/mime-db-1.54.0.tgz. Extracting by manifest.
491 silly tarball no local data for safer-buffer@https://registry.npmjs.org/safer-buffer/-/safer-buffer-2.1.2.tgz. Extracting by manifest.
492 silly tarball no local data for toidentifier@https://registry.npmjs.org/toidentifier/-/toidentifier-1.0.1.tgz. Extracting by manifest.
493 silly tarball no local data for setprototypeof@https://registry.npmjs.org/setprototypeof/-/setprototypeof-1.2.0.tgz. Extracting by manifest.
494 silly tarball no local data for inherits@https://registry.npmjs.org/inherits/-/inherits-2.0.4.tgz. Extracting by manifest.
495 silly tarball no local data for ms@https://registry.npmjs.org/ms/-/ms-2.1.3.tgz. Extracting by manifest.
496 silly tarball no local data for raw-body@https://registry.npmjs.org/raw-body/-/raw-body-3.0.2.tgz. Extracting by manifest.
497 silly tarball no local data for iconv-lite@https://registry.npmjs.org/iconv-lite/-/iconv-lite-0.7.2.tgz. Extracting by manifest.
498 silly tarball no local data for bytes@https://registry.npmjs.org/bytes/-/bytes-3.1.2.tgz. Extracting by manifest.
499 silly tarball no local data for type-is@https://registry.npmjs.org/type-is/-/type-is-2.1.0.tgz. Extracting by manifest.
500 silly tarball no local data for negotiator@https://registry.npmjs.org/negotiator/-/negotiator-1.0.0.tgz. Extracting by manifest.
501 silly tarball no local data for statuses@https://registry.npmjs.org/statuses/-/statuses-2.0.2.tgz. Extracting by manifest.
502 silly tarball no local data for send@https://registry.npmjs.org/send/-/send-1.2.1.tgz. Extracting by manifest.
503 silly tarball no local data for serve-static@https://registry.npmjs.org/serve-static/-/serve-static-2.2.1.tgz. Extracting by manifest.
504 silly tarball no local data for router@https://registry.npmjs.org/router/-/router-2.2.0.tgz. Extracting by manifest.
505 silly tarball no local data for range-parser@https://registry.npmjs.org/range-parser/-/range-parser-1.3.0.tgz. Extracting by manifest.
506 silly tarball no local data for qs@https://registry.npmjs.org/qs/-/qs-6.15.3.tgz. Extracting by manifest.
507 silly tarball no local data for proxy-addr@https://registry.npmjs.org/proxy-addr/-/proxy-addr-2.0.7.tgz. Extracting by manifest.
508 silly tarball no local data for parseurl@https://registry.npmjs.org/parseurl/-/parseurl-1.3.3.tgz. Extracting by manifest.
509 silly tarball no local data for once@https://registry.npmjs.org/once/-/once-1.4.0.tgz. Extracting by manifest.
510 silly tarball no local data for mime-types@https://registry.npmjs.org/mime-types/-/mime-types-3.0.2.tgz. Extracting by manifest.
511 silly tarball no local data for on-finished@https://registry.npmjs.org/on-finished/-/on-finished-2.4.1.tgz. Extracting by manifest.
512 silly tarball no local data for http-errors@https://registry.npmjs.org/http-errors/-/http-errors-2.0.1.tgz. Extracting by manifest.
513 silly tarball no local data for merge-descriptors@https://registry.npmjs.org/merge-descriptors/-/merge-descriptors-2.0.0.tgz. Extracting by manifest.
514 silly tarball no local data for fresh@https://registry.npmjs.org/fresh/-/fresh-2.0.0.tgz. Extracting by manifest.
515 silly tarball no local data for finalhandler@https://registry.npmjs.org/finalhandler/-/finalhandler-2.1.1.tgz. Extracting by manifest.
516 silly tarball no local data for etag@https://registry.npmjs.org/etag/-/etag-1.8.1.tgz. Extracting by manifest.
517 silly tarball no local data for escape-html@https://registry.npmjs.org/escape-html/-/escape-html-1.0.3.tgz. Extracting by manifest.
518 silly tarball no local data for encodeurl@https://registry.npmjs.org/encodeurl/-/encodeurl-2.0.0.tgz. Extracting by manifest.
519 silly tarball no local data for depd@https://registry.npmjs.org/depd/-/depd-2.0.0.tgz. Extracting by manifest.
520 silly tarball no local data for debug@https://registry.npmjs.org/debug/-/debug-4.4.3.tgz. Extracting by manifest.
521 silly tarball no local data for cookie-signature@https://registry.npmjs.org/cookie-signature/-/cookie-signature-1.2.2.tgz. Extracting by manifest.
522 silly tarball no local data for cookie@https://registry.npmjs.org/cookie/-/cookie-0.7.2.tgz. Extracting by manifest.
523 silly tarball no local data for content-type@https://registry.npmjs.org/content-type/-/content-type-1.0.5.tgz. Extracting by manifest.
524 silly tarball no local data for content-disposition@https://registry.npmjs.org/content-disposition/-/content-disposition-1.1.0.tgz. Extracting by manifest.
525 silly tarball no local data for body-parser@https://registry.npmjs.org/body-parser/-/body-parser-2.3.0.tgz. Extracting by manifest.
526 silly tarball no local data for accepts@https://registry.npmjs.org/accepts/-/accepts-2.0.0.tgz. Extracting by manifest.
527 silly tarball no local data for vary@https://registry.npmjs.org/vary/-/vary-1.1.2.tgz. Extracting by manifest.
528 silly tarball no local data for object-assign@https://registry.npmjs.org/object-assign/-/object-assign-4.1.1.tgz. Extracting by manifest.
529 silly tarball no local data for express@https://registry.npmjs.org/express/-/express-5.2.1.tgz. Extracting by manifest.
530 silly tarball no local data for cors@https://registry.npmjs.org/cors/-/cors-2.8.6.tgz. Extracting by manifest.
531 silly tarball no local data for content-type@https://registry.npmjs.org/content-type/-/content-type-2.0.0.tgz. Extracting by manifest.
532 silly tarball no local data for content-type@https://registry.npmjs.org/content-type/-/content-type-2.0.0.tgz. Extracting by manifest.
533 http fetch POST 200 https://registry.npmjs.org/-/npm/v1/security/advisories/bulk 1866ms
534 silly audit report {}
535 http fetch GET 200 https://registry.npmjs.org/has-symbols/-/has-symbols-1.1.0.tgz 3271ms (cache miss)
536 http fetch GET 200 https://registry.npmjs.org/is-promise/-/is-promise-4.0.0.tgz 3410ms (cache miss)
537 http fetch GET 200 https://registry.npmjs.org/side-channel-list/-/side-channel-list-1.0.1.tgz 3503ms (cache miss)
538 http fetch GET 200 https://registry.npmjs.org/forwarded/-/forwarded-0.2.0.tgz 3456ms (cache miss)
539 http fetch GET 200 https://registry.npmjs.org/media-typer/-/media-typer-1.1.0.tgz 3643ms (cache miss)
540 http fetch GET 200 https://registry.npmjs.org/gopd/-/gopd-1.2.0.tgz 3621ms (cache miss)
541 http fetch GET 200 https://registry.npmjs.org/hasown/-/hasown-2.0.4.tgz 3633ms (cache miss)
542 http fetch GET 200 https://registry.npmjs.org/unpipe/-/unpipe-1.0.0.tgz 3547ms (cache miss)
543 http fetch GET 200 https://registry.npmjs.org/toidentifier/-/toidentifier-1.0.1.tgz 3505ms (cache miss)
544 http fetch GET 200 https://registry.npmjs.org/es-define-property/-/es-define-property-1.0.1.tgz 3606ms (cache miss)
545 http fetch GET 200 https://registry.npmjs.org/side-channel/-/side-channel-1.1.1.tgz 3616ms (cache miss)
546 http fetch GET 200 https://registry.npmjs.org/setprototypeof/-/setprototypeof-1.2.0.tgz 3587ms (cache miss)
547 http fetch GET 200 https://registry.npmjs.org/dunder-proto/-/dunder-proto-1.0.1.tgz 3784ms (cache miss)
548 http fetch GET 200 https://registry.npmjs.org/ipaddr.js/-/ipaddr.js-1.9.1.tgz 3666ms (cache miss)
549 http fetch GET 200 https://registry.npmjs.org/ee-first/-/ee-first-1.1.1.tgz 3657ms (cache miss)
550 http fetch GET 200 https://registry.npmjs.org/wrappy/-/wrappy-1.0.2.tgz 3667ms (cache miss)
551 http fetch GET 200 https://registry.npmjs.org/debug/-/debug-4.4.3.tgz 3521ms (cache miss)
552 http fetch GET 200 https://registry.npmjs.org/safer-buffer/-/safer-buffer-2.1.2.tgz 3699ms (cache miss)
553 http fetch GET 200 https://registry.npmjs.org/path-to-regexp/-/path-to-regexp-8.4.2.tgz 3763ms (cache miss)
554 http fetch GET 200 https://registry.npmjs.org/inherits/-/inherits-2.0.4.tgz 3693ms (cache miss)
555 http fetch GET 200 https://registry.npmjs.org/ms/-/ms-2.1.3.tgz 3692ms (cache miss)
556 http fetch GET 200 https://registry.npmjs.org/bytes/-/bytes-3.1.2.tgz 3696ms (cache miss)
557 http fetch GET 200 https://registry.npmjs.org/once/-/once-1.4.0.tgz 3639ms (cache miss)
558 http fetch GET 200 https://registry.npmjs.org/range-parser/-/range-parser-1.3.0.tgz 3667ms (cache miss)
559 http fetch GET 200 https://registry.npmjs.org/mime-db/-/mime-db-1.54.0.tgz 3772ms (cache miss)
560 http fetch GET 200 https://registry.npmjs.org/get-proto/-/get-proto-1.0.1.tgz 3896ms (cache miss)
561 http fetch GET 200 https://registry.npmjs.org/negotiator/-/negotiator-1.0.0.tgz 3728ms (cache miss)
562 http fetch GET 200 https://registry.npmjs.org/raw-body/-/raw-body-3.0.2.tgz 3755ms (cache miss)
563 http fetch GET 200 https://registry.npmjs.org/type-is/-/type-is-2.1.0.tgz 3741ms (cache miss)
564 http fetch GET 200 https://registry.npmjs.org/merge-descriptors/-/merge-descriptors-2.0.0.tgz 3678ms (cache miss)
565 http fetch GET 200 https://registry.npmjs.org/cookie-signature/-/cookie-signature-1.2.2.tgz 3642ms (cache miss)
566 http fetch GET 200 https://registry.npmjs.org/encodeurl/-/encodeurl-2.0.0.tgz 3664ms (cache miss)
567 http fetch GET 200 https://registry.npmjs.org/mime-types/-/mime-types-3.0.2.tgz 3736ms (cache miss)
568 http fetch GET 200 https://registry.npmjs.org/content-type/-/content-type-2.0.0.tgz 3622ms (cache miss)
569 http fetch GET 200 https://registry.npmjs.org/fresh/-/fresh-2.0.0.tgz 3750ms (cache miss)
570 http fetch GET 200 https://registry.npmjs.org/etag/-/etag-1.8.1.tgz 3744ms (cache miss)
571 http fetch GET 200 https://registry.npmjs.org/proxy-addr/-/proxy-addr-2.0.7.tgz 3800ms (cache miss)
572 http fetch GET 200 https://registry.npmjs.org/parseurl/-/parseurl-1.3.3.tgz 3802ms (cache miss)
573 http fetch GET 200 https://registry.npmjs.org/escape-html/-/escape-html-1.0.3.tgz 3765ms (cache miss)
574 http fetch GET 200 https://registry.npmjs.org/statuses/-/statuses-2.0.2.tgz 3875ms (cache miss)
575 http fetch GET 200 https://registry.npmjs.org/on-finished/-/on-finished-2.4.1.tgz 3830ms (cache miss)
576 http fetch GET 200 https://registry.npmjs.org/side-channel-weakmap/-/side-channel-weakmap-1.0.2.tgz 4033ms (cache miss)
577 http fetch GET 200 https://registry.npmjs.org/vary/-/vary-1.1.2.tgz 3750ms (cache miss)
578 http fetch GET 200 https://registry.npmjs.org/es-errors/-/es-errors-1.3.0.tgz 4021ms (cache miss)
579 http fetch GET 200 https://registry.npmjs.org/serve-static/-/serve-static-2.2.1.tgz 3907ms (cache miss)
580 http fetch GET 200 https://registry.npmjs.org/http-errors/-/http-errors-2.0.1.tgz 3862ms (cache miss)
581 http fetch GET 200 https://registry.npmjs.org/finalhandler/-/finalhandler-2.1.1.tgz 3847ms (cache miss)
582 http fetch GET 200 https://registry.npmjs.org/accepts/-/accepts-2.0.0.tgz 3791ms (cache miss)
583 http fetch GET 200 https://registry.npmjs.org/depd/-/depd-2.0.0.tgz 3837ms (cache miss)
584 http fetch GET 200 https://registry.npmjs.org/side-channel-map/-/side-channel-map-1.0.1.tgz 4095ms (cache miss)
585 http fetch GET 200 https://registry.npmjs.org/content-disposition/-/content-disposition-1.1.0.tgz 3836ms (cache miss)
586 http fetch GET 200 https://registry.npmjs.org/object-assign/-/object-assign-4.1.1.tgz 3815ms (cache miss)
587 http fetch GET 200 https://registry.npmjs.org/content-type/-/content-type-2.0.0.tgz 3798ms (cache miss)
588 http fetch GET 200 https://registry.npmjs.org/send/-/send-1.2.1.tgz 3975ms (cache miss)
589 http fetch GET 200 https://registry.npmjs.org/content-type/-/content-type-1.0.5.tgz 3867ms (cache miss)
590 http fetch GET 200 https://registry.npmjs.org/cookie/-/cookie-0.7.2.tgz 3876ms (cache miss)
591 http fetch GET 200 https://registry.npmjs.org/call-bind-apply-helpers/-/call-bind-apply-helpers-1.0.2.tgz 4178ms (cache miss)
592 http fetch GET 200 https://registry.npmjs.org/call-bound/-/call-bound-1.0.4.tgz 4180ms (cache miss)
593 http fetch GET 200 https://registry.npmjs.org/es-object-atoms/-/es-object-atoms-1.1.2.tgz 4216ms (cache miss)
594 http fetch GET 200 https://registry.npmjs.org/cors/-/cors-2.8.6.tgz 3896ms (cache miss)
595 http fetch GET 200 https://registry.npmjs.org/function-bind/-/function-bind-1.1.2.tgz 4240ms (cache miss)
596 http fetch GET 200 https://registry.npmjs.org/get-intrinsic/-/get-intrinsic-1.3.0.tgz 4258ms (cache miss)
597 http fetch GET 200 https://registry.npmjs.org/router/-/router-2.2.0.tgz 4107ms (cache miss)
598 http fetch GET 200 https://registry.npmjs.org/express/-/express-5.2.1.tgz 3977ms (cache miss)
599 http fetch GET 200 https://registry.npmjs.org/math-intrinsics/-/math-intrinsics-1.1.0.tgz 4381ms (cache miss)
600 http fetch GET 200 https://registry.npmjs.org/body-parser/-/body-parser-2.3.0.tgz 4080ms (cache miss)
601 http fetch GET 200 https://registry.npmjs.org/object-inspect/-/object-inspect-1.13.4.tgz 4401ms (cache miss)
602 http fetch GET 200 https://registry.npmjs.org/qs/-/qs-6.15.3.tgz 4273ms (cache miss)
603 http fetch GET 200 https://registry.npmjs.org/iconv-lite/-/iconv-lite-0.7.2.tgz 4365ms (cache miss)
604 silly ADD node_modules/media-typer
605 silly ADD node_modules/dunder-proto
606 silly ADD node_modules/math-intrinsics
607 silly ADD node_modules/hasown
608 silly ADD node_modules/has-symbols
609 silly ADD node_modules/gopd
610 silly ADD node_modules/get-proto
611 silly ADD node_modules/es-object-atoms
612 silly ADD node_modules/function-bind
613 silly ADD node_modules/call-bind-apply-helpers
614 silly ADD node_modules/get-intrinsic
615 silly ADD node_modules/call-bound
616 silly ADD node_modules/side-channel-weakmap
617 silly ADD node_modules/side-channel-map
618 silly ADD node_modules/side-channel-list
619 silly ADD node_modules/object-inspect
620 silly ADD node_modules/es-errors
621 silly ADD node_modules/path-to-regexp
622 silly ADD node_modules/is-promise
623 silly ADD node_modules/unpipe
624 silly ADD node_modules/side-channel
625 silly ADD node_modules/es-define-property
626 silly ADD node_modules/ipaddr.js
627 silly ADD node_modules/forwarded
628 silly ADD node_modules/wrappy
629 silly ADD node_modules/ee-first
630 silly ADD node_modules/mime-db
631 silly ADD node_modules/safer-buffer
632 silly ADD node_modules/toidentifier
633 silly ADD node_modules/setprototypeof
634 silly ADD node_modules/inherits
635 silly ADD node_modules/ms
636 silly ADD node_modules/raw-body
637 silly ADD node_modules/iconv-lite
638 silly ADD node_modules/bytes
639 silly ADD node_modules/negotiator
640 silly ADD node_modules/type-is
641 silly ADD node_modules/type-is/node_modules/content-type
642 silly ADD node_modules/statuses
643 silly ADD node_modules/serve-static
644 silly ADD node_modules/send
645 silly ADD node_modules/router
646 silly ADD node_modules/range-parser
647 silly ADD node_modules/qs
648 silly ADD node_modules/proxy-addr
649 silly ADD node_modules/parseurl
650 silly ADD node_modules/once
651 silly ADD node_modules/on-finished
652 silly ADD node_modules/mime-types
653 silly ADD node_modules/merge-descriptors
654 silly ADD node_modules/http-errors
655 silly ADD node_modules/fresh
656 silly ADD node_modules/finalhandler
657 silly ADD node_modules/etag
658 silly ADD node_modules/escape-html
659 silly ADD node_modules/encodeurl
660 silly ADD node_modules/depd
661 silly ADD node_modules/debug
662 silly ADD node_modules/cookie-signature
663 silly ADD node_modules/cookie
664 silly ADD node_modules/content-type
665 silly ADD node_modules/content-disposition
666 silly ADD node_modules/body-parser
667 silly ADD node_modules/body-parser/node_modules/content-type
668 silly ADD node_modules/accepts
669 silly ADD node_modules/vary
670 silly ADD node_modules/object-assign
671 silly ADD node_modules/express
672 silly ADD node_modules/cors
673 verbose cwd /data/data/com.termux/files/home/backend-haikou
674 verbose os Linux 4.19.127-g8a0741fcbb1a-dirty
675 verbose node v26.3.1
676 verbose npm  v11.18.0
677 verbose exit 0
678 info ok
