0 verbose cli /data/data/com.termux/files/usr/bin/node /data/data/com.termux/files/usr/bin/npm
1 info using npm@11.18.0
2 info using node@v26.3.1
3 silly config load:file:/data/data/com.termux/files/usr/lib/node_modules/npm/npmrc
4 silly config load:file:/data/data/com.termux/files/home/backend-haikou/.npmrc
5 silly config load:file:/data/data/com.termux/files/home/.npmrc
6 silly config load:file:/data/data/com.termux/files/usr/etc/npmrc
7 verbose title npm install mongoose
8 verbose argv "install" "mongoose"
9 verbose logfile logs-max:10 dir:/data/data/com.termux/files/home/.npm/_logs/2026-07-01T13_53_18_770Z-
10 verbose logfile /data/data/com.termux/files/home/.npm/_logs/2026-07-01T13_53_18_770Z-debug-0.log
11 silly logfile done cleaning log files
12 silly packumentCache heap:1101004800 maxSize:275251200 maxEntrySize:137625600
13 silly idealTree buildDeps
14 silly fetch manifest mongoose@*
15 silly packumentCache full:https://registry.npmjs.org/mongoose cache-miss
16 http fetch GET 200 https://registry.npmjs.org/mongoose 1866ms (cache miss)
17 silly packumentCache full:https://registry.npmjs.org/mongoose set size:undefined disposed:false
18 silly placeDep ROOT mongoose@9.7.3 OK for: backend-haikou@1.0.0 want: *
19 silly fetch manifest @standard-schema/spec@^1.1.0
20 silly packumentCache full:https://registry.npmjs.org/@standard-schema%2fspec cache-miss
21 silly fetch manifest kareem@3.3.0
22 silly packumentCache full:https://registry.npmjs.org/kareem cache-miss
23 silly fetch manifest mongodb@~7.2
24 silly packumentCache full:https://registry.npmjs.org/mongodb cache-miss
25 silly fetch manifest mpath@0.9.0
26 silly packumentCache full:https://registry.npmjs.org/mpath cache-miss
27 silly fetch manifest mquery@6.0.0
28 silly packumentCache full:https://registry.npmjs.org/mquery cache-miss
29 silly fetch manifest sift@17.1.3
30 silly packumentCache full:https://registry.npmjs.org/sift cache-miss
31 http fetch GET 200 https://registry.npmjs.org/@standard-schema%2fspec 393ms (cache miss)
32 silly packumentCache full:https://registry.npmjs.org/@standard-schema%2fspec set size:undefined disposed:false
33 http fetch GET 200 https://registry.npmjs.org/mpath 480ms (cache miss)
34 silly packumentCache full:https://registry.npmjs.org/mpath set size:undefined disposed:false
35 http fetch GET 200 https://registry.npmjs.org/mquery 514ms (cache miss)
36 silly packumentCache full:https://registry.npmjs.org/mquery set size:undefined disposed:false
37 http fetch GET 200 https://registry.npmjs.org/sift 989ms (cache miss)
38 silly packumentCache full:https://registry.npmjs.org/sift set size:undefined disposed:false
39 http fetch GET 200 https://registry.npmjs.org/kareem 1186ms (cache miss)
40 silly packumentCache full:https://registry.npmjs.org/kareem set size:undefined disposed:false
41 http fetch GET 200 https://registry.npmjs.org/mongodb 1406ms (cache miss)
42 silly packumentCache full:https://registry.npmjs.org/mongodb set size:undefined disposed:false
43 silly fetch manifest @aws-sdk/credential-providers@^3.806.0
44 silly packumentCache full:https://registry.npmjs.org/@aws-sdk%2fcredential-providers cache-miss
45 http fetch GET 200 https://registry.npmjs.org/@aws-sdk%2fcredential-providers 292ms (cache miss)
46 silly packumentCache full:https://registry.npmjs.org/@aws-sdk%2fcredential-providers set size:undefined disposed:false
47 silly fetch manifest @mongodb-js/zstd@^7.0.0
48 silly packumentCache full:https://registry.npmjs.org/@mongodb-js%2fzstd cache-miss
49 http fetch GET 200 https://registry.npmjs.org/@mongodb-js%2fzstd 161ms (cache miss)
50 silly packumentCache full:https://registry.npmjs.org/@mongodb-js%2fzstd set size:undefined disposed:false
51 silly fetch manifest gcp-metadata@^7.0.1
52 silly packumentCache full:https://registry.npmjs.org/gcp-metadata cache-miss
53 http fetch GET 200 https://registry.npmjs.org/gcp-metadata 139ms (cache miss)
54 silly packumentCache full:https://registry.npmjs.org/gcp-metadata set size:undefined disposed:false
55 silly fetch manifest kerberos@^7.0.0
56 silly packumentCache full:https://registry.npmjs.org/kerberos cache-miss
57 http fetch GET 200 https://registry.npmjs.org/kerberos 110ms (cache miss)
58 silly packumentCache full:https://registry.npmjs.org/kerberos set size:undefined disposed:false
59 silly fetch manifest mongodb-client-encryption@>=7.0.0 <7.1.0
60 silly packumentCache full:https://registry.npmjs.org/mongodb-client-encryption cache-miss
61 http fetch GET 200 https://registry.npmjs.org/mongodb-client-encryption 134ms (cache miss)
62 silly packumentCache full:https://registry.npmjs.org/mongodb-client-encryption set size:undefined disposed:false
63 silly fetch manifest snappy@^7.3.2
64 silly packumentCache full:https://registry.npmjs.org/snappy cache-miss
65 http fetch GET 200 https://registry.npmjs.org/snappy 171ms (cache miss)
66 silly packumentCache full:https://registry.npmjs.org/snappy set size:undefined disposed:false
67 silly fetch manifest socks@^2.8.6
68 silly packumentCache full:https://registry.npmjs.org/socks cache-miss
69 http fetch GET 200 https://registry.npmjs.org/socks 91ms (cache miss)
70 silly packumentCache full:https://registry.npmjs.org/socks set size:undefined disposed:false
71 silly placeDep ROOT @standard-schema/spec@1.1.0 OK for: mongoose@9.7.3 want: ^1.1.0
72 silly placeDep ROOT kareem@3.3.0 OK for: mongoose@9.7.3 want: 3.3.0
73 silly placeDep ROOT mongodb@7.2.0 OK for: mongoose@9.7.3 want: ~7.2
74 silly placeDep ROOT mpath@0.9.0 OK for: mongoose@9.7.3 want: 0.9.0
75 silly placeDep ROOT mquery@6.0.0 OK for: mongoose@9.7.3 want: 6.0.0
76 silly placeDep ROOT sift@17.1.3 OK for: mongoose@9.7.3 want: 17.1.3
77 silly fetch manifest bson@^7.2.0
78 silly packumentCache full:https://registry.npmjs.org/bson cache-miss
79 silly fetch manifest @mongodb-js/saslprep@^1.3.0
80 silly packumentCache full:https://registry.npmjs.org/@mongodb-js%2fsaslprep cache-miss
81 silly fetch manifest mongodb-connection-string-url@^7.0.0
82 silly packumentCache full:https://registry.npmjs.org/mongodb-connection-string-url cache-miss
83 http fetch GET 200 https://registry.npmjs.org/mongodb-connection-string-url 139ms (cache miss)
84 silly packumentCache full:https://registry.npmjs.org/mongodb-connection-string-url set size:undefined disposed:false
85 http fetch GET 200 https://registry.npmjs.org/@mongodb-js%2fsaslprep 166ms (cache miss)
86 silly packumentCache full:https://registry.npmjs.org/@mongodb-js%2fsaslprep set size:undefined disposed:false
87 http fetch GET 200 https://registry.npmjs.org/bson 217ms (cache miss)
88 silly packumentCache full:https://registry.npmjs.org/bson set size:undefined disposed:false
89 silly placeDep ROOT @mongodb-js/saslprep@1.4.12 OK for: mongodb@7.2.0 want: ^1.3.0
90 silly placeDep ROOT bson@7.3.1 OK for: mongodb@7.2.0 want: ^7.2.0
91 silly placeDep ROOT mongodb-connection-string-url@7.0.1 OK for: mongodb@7.2.0 want: ^7.0.0
92 silly fetch manifest sparse-bitfield@^3.0.3
93 silly packumentCache full:https://registry.npmjs.org/sparse-bitfield cache-miss
94 silly fetch manifest whatwg-url@^14.1.0
95 silly packumentCache full:https://registry.npmjs.org/whatwg-url cache-miss
96 silly fetch manifest @types/whatwg-url@^13.0.0
97 silly packumentCache full:https://registry.npmjs.org/@types%2fwhatwg-url cache-miss
98 http fetch GET 200 https://registry.npmjs.org/sparse-bitfield 129ms (cache miss)
99 silly packumentCache full:https://registry.npmjs.org/sparse-bitfield set size:undefined disposed:false
100 http fetch GET 200 https://registry.npmjs.org/@types%2fwhatwg-url 132ms (cache miss)
101 silly packumentCache full:https://registry.npmjs.org/@types%2fwhatwg-url set size:undefined disposed:false
102 http fetch GET 200 https://registry.npmjs.org/whatwg-url 156ms (cache miss)
103 silly packumentCache full:https://registry.npmjs.org/whatwg-url set size:undefined disposed:false
104 silly placeDep ROOT sparse-bitfield@3.0.3 OK for: @mongodb-js/saslprep@1.4.12 want: ^3.0.3
105 silly fetch manifest memory-pager@^1.0.2
106 silly packumentCache full:https://registry.npmjs.org/memory-pager cache-miss
107 http fetch GET 200 https://registry.npmjs.org/memory-pager 307ms (cache miss)
108 silly packumentCache full:https://registry.npmjs.org/memory-pager set size:undefined disposed:false
109 silly placeDep ROOT @types/whatwg-url@13.0.0 OK for: mongodb-connection-string-url@7.0.1 want: ^13.0.0
110 silly placeDep ROOT whatwg-url@14.2.0 OK for: mongodb-connection-string-url@7.0.1 want: ^14.1.0
111 silly fetch manifest @types/webidl-conversions@*
112 silly packumentCache full:https://registry.npmjs.org/@types%2fwebidl-conversions cache-miss
113 silly fetch manifest tr46@^5.1.0
114 silly packumentCache full:https://registry.npmjs.org/tr46 cache-miss
115 silly fetch manifest webidl-conversions@^7.0.0
116 silly packumentCache full:https://registry.npmjs.org/webidl-conversions cache-miss
117 http fetch GET 200 https://registry.npmjs.org/@types%2fwebidl-conversions 138ms (cache miss)
118 silly packumentCache full:https://registry.npmjs.org/@types%2fwebidl-conversions set size:undefined disposed:false
119 http fetch GET 200 https://registry.npmjs.org/webidl-conversions 141ms (cache miss)
120 silly packumentCache full:https://registry.npmjs.org/webidl-conversions set size:undefined disposed:false
121 http fetch GET 200 https://registry.npmjs.org/tr46 157ms (cache miss)
122 silly packumentCache full:https://registry.npmjs.org/tr46 set size:undefined disposed:false
123 silly placeDep ROOT @types/webidl-conversions@7.0.3 OK for: @types/whatwg-url@13.0.0 want: *
124 silly placeDep ROOT memory-pager@1.5.0 OK for: sparse-bitfield@3.0.3 want: ^1.0.2
125 silly placeDep ROOT tr46@5.1.1 OK for: whatwg-url@14.2.0 want: ^5.1.0
126 silly placeDep ROOT webidl-conversions@7.0.0 OK for: whatwg-url@14.2.0 want: ^7.0.0
127 silly fetch manifest punycode@^2.3.1
128 silly packumentCache full:https://registry.npmjs.org/punycode cache-miss
129 http fetch GET 200 https://registry.npmjs.org/punycode 87ms (cache miss)
130 silly packumentCache full:https://registry.npmjs.org/punycode set size:undefined disposed:false
131 silly placeDep ROOT punycode@2.3.1 OK for: tr46@5.1.1 want: ^2.3.1
132 silly reify moves {}
133 silly audit bulk request {
133 silly audit   accepts: [ '2.0.0' ],
133 silly audit   'body-parser': [ '2.3.0' ],
133 silly audit   'content-type': [ '2.0.0', '1.0.5' ],
133 silly audit   bytes: [ '3.1.2' ],
133 silly audit   'call-bind-apply-helpers': [ '1.0.2' ],
133 silly audit   'call-bound': [ '1.0.4' ],
133 silly audit   'content-disposition': [ '1.1.0' ],
133 silly audit   cookie: [ '0.7.2' ],
133 silly audit   'cookie-signature': [ '1.2.2' ],
133 silly audit   cors: [ '2.8.6' ],
133 silly audit   debug: [ '4.4.3' ],
133 silly audit   depd: [ '2.0.0' ],
133 silly audit   'dunder-proto': [ '1.0.1' ],
133 silly audit   'ee-first': [ '1.1.1' ],
133 silly audit   encodeurl: [ '2.0.0' ],
133 silly audit   'es-define-property': [ '1.0.1' ],
133 silly audit   'es-errors': [ '1.3.0' ],
133 silly audit   'es-object-atoms': [ '1.1.2' ],
133 silly audit   'escape-html': [ '1.0.3' ],
133 silly audit   etag: [ '1.8.1' ],
133 silly audit   express: [ '5.2.1' ],
133 silly audit   finalhandler: [ '2.1.1' ],
133 silly audit   forwarded: [ '0.2.0' ],
133 silly audit   fresh: [ '2.0.0' ],
133 silly audit   'function-bind': [ '1.1.2' ],
133 silly audit   'get-intrinsic': [ '1.3.0' ],
133 silly audit   'get-proto': [ '1.0.1' ],
133 silly audit   gopd: [ '1.2.0' ],
133 silly audit   'has-symbols': [ '1.1.0' ],
133 silly audit   hasown: [ '2.0.4' ],
133 silly audit   'http-errors': [ '2.0.1' ],
133 silly audit   'iconv-lite': [ '0.7.2' ],
133 silly audit   inherits: [ '2.0.4' ],
133 silly audit   'ipaddr.js': [ '1.9.1' ],
133 silly audit   'is-promise': [ '4.0.0' ],
133 silly audit   'math-intrinsics': [ '1.1.0' ],
133 silly audit   'media-typer': [ '1.1.0' ],
133 silly audit   'merge-descriptors': [ '2.0.0' ],
133 silly audit   'mime-db': [ '1.54.0' ],
133 silly audit   'mime-types': [ '3.0.2' ],
133 silly audit   ms: [ '2.1.3' ],
133 silly audit   negotiator: [ '1.0.0' ],
133 silly audit   'object-assign': [ '4.1.1' ],
133 silly audit   'object-inspect': [ '1.13.4' ],
133 silly audit   'on-finished': [ '2.4.1' ],
133 silly audit   once: [ '1.4.0' ],
133 silly audit   parseurl: [ '1.3.3' ],
133 silly audit   'path-to-regexp': [ '8.4.2' ],
133 silly audit   'proxy-addr': [ '2.0.7' ],
133 silly audit   qs: [ '6.15.3' ],
133 silly audit   'range-parser': [ '1.3.0' ],
133 silly audit   'raw-body': [ '3.0.2' ],
133 silly audit   router: [ '2.2.0' ],
133 silly audit   'safer-buffer': [ '2.1.2' ],
133 silly audit   send: [ '1.2.1' ],
133 silly audit   'serve-static': [ '2.2.1' ],
133 silly audit   setprototypeof: [ '1.2.0' ],
133 silly audit   'side-channel': [ '1.1.1' ],
133 silly audit   'side-channel-list': [ '1.0.1' ],
133 silly audit   'side-channel-map': [ '1.0.1' ],
133 silly audit   'side-channel-weakmap': [ '1.0.2' ],
133 silly audit   statuses: [ '2.0.2' ],
133 silly audit   toidentifier: [ '1.0.1' ],
133 silly audit   'type-is': [ '2.1.0' ],
133 silly audit   unpipe: [ '1.0.0' ],
133 silly audit   vary: [ '1.1.2' ],
133 silly audit   wrappy: [ '1.0.2' ],
133 silly audit   mongoose: [ '9.7.3' ],
133 silly audit   '@standard-schema/spec': [ '1.1.0' ],
133 silly audit   kareem: [ '3.3.0' ],
133 silly audit   mongodb: [ '7.2.0' ],
133 silly audit   mpath: [ '0.9.0' ],
133 silly audit   mquery: [ '6.0.0' ],
133 silly audit   sift: [ '17.1.3' ],
133 silly audit   '@mongodb-js/saslprep': [ '1.4.12' ],
133 silly audit   bson: [ '7.3.1' ],
133 silly audit   'mongodb-connection-string-url': [ '7.0.1' ],
133 silly audit   'sparse-bitfield': [ '3.0.3' ],
133 silly audit   '@types/whatwg-url': [ '13.0.0' ],
133 silly audit   'whatwg-url': [ '14.2.0' ],
133 silly audit   '@types/webidl-conversions': [ '7.0.3' ],
133 silly audit   'memory-pager': [ '1.5.0' ],
133 silly audit   tr46: [ '5.1.1' ],
133 silly audit   'webidl-conversions': [ '7.0.0' ],
133 silly audit   punycode: [ '2.3.1' ]
133 silly audit }
134 http cache webidl-conversions@https://registry.npmjs.org/webidl-conversions/-/webidl-conversions-7.0.0.tgz 1ms (cache hit)
135 http cache tr46@https://registry.npmjs.org/tr46/-/tr46-5.1.1.tgz 1ms (cache hit)
136 http cache memory-pager@https://registry.npmjs.org/memory-pager/-/memory-pager-1.5.0.tgz 0ms (cache hit)
137 http cache @types/webidl-conversions@https://registry.npmjs.org/@types/webidl-conversions/-/webidl-conversions-7.0.3.tgz 0ms (cache hit)
138 http cache whatwg-url@https://registry.npmjs.org/whatwg-url/-/whatwg-url-14.2.0.tgz 0ms (cache hit)
139 http cache @types/whatwg-url@https://registry.npmjs.org/@types/whatwg-url/-/whatwg-url-13.0.0.tgz 0ms (cache hit)
140 http cache sparse-bitfield@https://registry.npmjs.org/sparse-bitfield/-/sparse-bitfield-3.0.3.tgz 1ms (cache hit)
141 http cache mongodb-connection-string-url@https://registry.npmjs.org/mongodb-connection-string-url/-/mongodb-connection-string-url-7.0.1.tgz 0ms (cache hit)
142 http cache bson@https://registry.npmjs.org/bson/-/bson-7.3.1.tgz 0ms (cache hit)
143 http cache @mongodb-js/saslprep@https://registry.npmjs.org/@mongodb-js/saslprep/-/saslprep-1.4.12.tgz 0ms (cache hit)
144 http cache sift@https://registry.npmjs.org/sift/-/sift-17.1.3.tgz 0ms (cache hit)
145 http cache mquery@https://registry.npmjs.org/mquery/-/mquery-6.0.0.tgz 0ms (cache hit)
146 http cache mpath@https://registry.npmjs.org/mpath/-/mpath-0.9.0.tgz 0ms (cache hit)
147 http cache mongodb@https://registry.npmjs.org/mongodb/-/mongodb-7.2.0.tgz 0ms (cache hit)
148 http cache kareem@https://registry.npmjs.org/kareem/-/kareem-3.3.0.tgz 1ms (cache hit)
149 http cache @standard-schema/spec@https://registry.npmjs.org/@standard-schema/spec/-/spec-1.1.0.tgz 0ms (cache hit)
150 http cache mongoose@https://registry.npmjs.org/mongoose/-/mongoose-9.7.3.tgz 0ms (cache hit)
151 http cache punycode@https://registry.npmjs.org/punycode/-/punycode-2.3.1.tgz 1ms (cache hit)
152 silly tarball no local data for webidl-conversions@https://registry.npmjs.org/webidl-conversions/-/webidl-conversions-7.0.0.tgz. Extracting by manifest.
153 silly tarball no local data for tr46@https://registry.npmjs.org/tr46/-/tr46-5.1.1.tgz. Extracting by manifest.
154 silly tarball no local data for memory-pager@https://registry.npmjs.org/memory-pager/-/memory-pager-1.5.0.tgz. Extracting by manifest.
155 silly tarball no local data for @types/webidl-conversions@https://registry.npmjs.org/@types/webidl-conversions/-/webidl-conversions-7.0.3.tgz. Extracting by manifest.
156 silly tarball no local data for whatwg-url@https://registry.npmjs.org/whatwg-url/-/whatwg-url-14.2.0.tgz. Extracting by manifest.
157 silly tarball no local data for @types/whatwg-url@https://registry.npmjs.org/@types/whatwg-url/-/whatwg-url-13.0.0.tgz. Extracting by manifest.
158 silly tarball no local data for sparse-bitfield@https://registry.npmjs.org/sparse-bitfield/-/sparse-bitfield-3.0.3.tgz. Extracting by manifest.
159 silly tarball no local data for mongodb-connection-string-url@https://registry.npmjs.org/mongodb-connection-string-url/-/mongodb-connection-string-url-7.0.1.tgz. Extracting by manifest.
160 silly tarball no local data for bson@https://registry.npmjs.org/bson/-/bson-7.3.1.tgz. Extracting by manifest.
161 silly tarball no local data for @mongodb-js/saslprep@https://registry.npmjs.org/@mongodb-js/saslprep/-/saslprep-1.4.12.tgz. Extracting by manifest.
162 silly tarball no local data for sift@https://registry.npmjs.org/sift/-/sift-17.1.3.tgz. Extracting by manifest.
163 silly tarball no local data for mquery@https://registry.npmjs.org/mquery/-/mquery-6.0.0.tgz. Extracting by manifest.
164 silly tarball no local data for mpath@https://registry.npmjs.org/mpath/-/mpath-0.9.0.tgz. Extracting by manifest.
165 silly tarball no local data for mongodb@https://registry.npmjs.org/mongodb/-/mongodb-7.2.0.tgz. Extracting by manifest.
166 silly tarball no local data for kareem@https://registry.npmjs.org/kareem/-/kareem-3.3.0.tgz. Extracting by manifest.
167 silly tarball no local data for @standard-schema/spec@https://registry.npmjs.org/@standard-schema/spec/-/spec-1.1.0.tgz. Extracting by manifest.
168 silly tarball no local data for mongoose@https://registry.npmjs.org/mongoose/-/mongoose-9.7.3.tgz. Extracting by manifest.
169 silly tarball no local data for punycode@https://registry.npmjs.org/punycode/-/punycode-2.3.1.tgz. Extracting by manifest.
170 http fetch POST 200 https://registry.npmjs.org/-/npm/v1/security/advisories/bulk 801ms
171 silly audit report {}
172 http fetch GET 200 https://registry.npmjs.org/memory-pager/-/memory-pager-1.5.0.tgz 1355ms (cache miss)
173 http fetch GET 200 https://registry.npmjs.org/@types/webidl-conversions/-/webidl-conversions-7.0.3.tgz 1354ms (cache miss)
174 http fetch GET 200 https://registry.npmjs.org/webidl-conversions/-/webidl-conversions-7.0.0.tgz 1409ms (cache miss)
175 http fetch GET 200 https://registry.npmjs.org/@standard-schema/spec/-/spec-1.1.0.tgz 1328ms (cache miss)
176 http fetch GET 200 https://registry.npmjs.org/punycode/-/punycode-2.3.1.tgz 1321ms (cache miss)
177 http fetch GET 200 https://registry.npmjs.org/kareem/-/kareem-3.3.0.tgz 1392ms (cache miss)
178 http fetch GET 200 https://registry.npmjs.org/tr46/-/tr46-5.1.1.tgz 1670ms (cache miss)
179 http fetch GET 200 https://registry.npmjs.org/mongodb-connection-string-url/-/mongodb-connection-string-url-7.0.1.tgz 1641ms (cache miss)
180 http fetch GET 200 https://registry.npmjs.org/@types/whatwg-url/-/whatwg-url-13.0.0.tgz 1699ms (cache miss)
181 http fetch GET 200 https://registry.npmjs.org/mpath/-/mpath-0.9.0.tgz 1667ms (cache miss)
182 http fetch GET 200 https://registry.npmjs.org/whatwg-url/-/whatwg-url-14.2.0.tgz 1763ms (cache miss)
183 http fetch GET 200 https://registry.npmjs.org/mquery/-/mquery-6.0.0.tgz 1920ms (cache miss)
184 http fetch GET 200 https://registry.npmjs.org/sift/-/sift-17.1.3.tgz 2099ms (cache miss)
185 http fetch GET 200 https://registry.npmjs.org/sparse-bitfield/-/sparse-bitfield-3.0.3.tgz 2164ms (cache miss)
186 http fetch GET 200 https://registry.npmjs.org/@mongodb-js/saslprep/-/saslprep-1.4.12.tgz 2399ms (cache miss)
187 http fetch GET 200 https://registry.npmjs.org/bson/-/bson-7.3.1.tgz 2771ms (cache miss)
188 http fetch GET 200 https://registry.npmjs.org/mongoose/-/mongoose-9.7.3.tgz 4261ms (cache miss)
189 http fetch GET 200 https://registry.npmjs.org/mongodb/-/mongodb-7.2.0.tgz 4790ms (cache miss)
190 silly ADD node_modules/punycode
191 silly ADD node_modules/webidl-conversions
192 silly ADD node_modules/tr46
193 silly ADD node_modules/memory-pager
194 silly ADD node_modules/@types/webidl-conversions
195 silly ADD node_modules/whatwg-url
196 silly ADD node_modules/@types/whatwg-url
197 silly ADD node_modules/sparse-bitfield
198 silly ADD node_modules/mongodb-connection-string-url
199 silly ADD node_modules/bson
200 silly ADD node_modules/@mongodb-js/saslprep
201 silly ADD node_modules/sift
202 silly ADD node_modules/mquery
203 silly ADD node_modules/mpath
204 silly ADD node_modules/mongodb
205 silly ADD node_modules/kareem
206 silly ADD node_modules/@standard-schema/spec
207 silly ADD node_modules/mongoose
208 verbose cwd /data/data/com.termux/files/home/backend-haikou
209 verbose os Linux 4.19.127-g8a0741fcbb1a-dirty
210 verbose node v26.3.1
211 verbose npm  v11.18.0
212 verbose exit 0
213 info ok
